#ident	"@(#)menu.err	1.2"
#ident  "$Header$"

.ul
Error while installing the Network Information Service (NIS) 
.lr
F1=Help
.top
`echo "\n \n \n"`
`echo  "$error_string"`
`echo "\n \n"`
`echo "NIS configuration has failed."` 
.button
Apply
Reset
.form
ENTER
.selection
Press 'ENTER' to exit installation:
.help
An Error has occurred while trying to configure NIS. The cause of the
error may be described in /tmp/nis.config. Once the condition that
caused the error is fixed, reconfigure NIS as described in the NIS
Administration Manual.
.helpinst
Del=Cancel F1=Help ESC=Exit help 1=Forward 2=Back
